<?xml version="1.0" encoding="UTF-8"?>
<!-- Generated by org.testng.reporters.JUnitReportReporter -->
<testsuite hostname="Sumit" failures="0" tests="1" name="com.durgasoft.commerce.homepage.screens" time="0.567" errors="0" timestamp="2022-12-02T16:24:09 IST" skipped="0">
  <testcase classname="com.durgasoft.commerce.homepage.screens" name="f" time="0.567"/>
  <system-out/>
</testsuite> <!-- com.durgasoft.commerce.homepage.screens -->
