<?xml version="1.0" encoding="UTF-8"?>
<!-- Generated by org.testng.reporters.JUnitReportReporter -->
<testsuite hostname="Sumit" failures="0" tests="2" name="com.durgasoft.selenium_maven_TestNG.Slide" time="2.874" errors="0" timestamp="2022-11-28T12:59:23 IST" skipped="1">
  <testcase classname="com.durgasoft.selenium_maven_TestNG.Slide" name="f" time="2.874"/>
  <system-out/>
  <testcase classname="com.durgasoft.selenium_maven_TestNG.Slide" name="slid">
    <skipped/>
  </testcase> <!-- slid -->
  <system-out/>
</testsuite> <!-- com.durgasoft.selenium_maven_TestNG.Slide -->
