<?xml version="1.0" encoding="UTF-8"?>
<!-- Generated by org.testng.reporters.JUnitReportReporter -->
<testsuite hostname="Sumit" failures="0" tests="1" name="com.durgasoft.selenium_maven_ebay.url" time="3.510" errors="0" timestamp="2022-12-06T15:42:40 IST" skipped="0">
  <testcase classname="com.durgasoft.selenium_maven_ebay.url" name="search" time="3.510"/>
  <system-out/>
</testsuite> <!-- com.durgasoft.selenium_maven_ebay.url -->
