<?xml version="1.0" encoding="UTF-8"?>
<!-- Generated by org.testng.reporters.JUnitReportReporter -->
<testsuite hostname="Sumit" failures="0" tests="1" name="com.durgasoft.selenium_maven_TestNG.WriteExcelDataByIndex" time="1.416" errors="0" timestamp="2022-11-22T12:49:25 IST" skipped="0">
  <testcase classname="com.durgasoft.selenium_maven_TestNG.WriteExcelDataByIndex" name="WriteIndex" time="1.416"/>
  <system-out/>
</testsuite> <!-- com.durgasoft.selenium_maven_TestNG.WriteExcelDataByIndex -->
