<?xml version="1.0" encoding="UTF-8"?>
<!-- Generated by org.testng.reporters.JUnitReportReporter -->
<testsuite hostname="Sumit" failures="0" tests="1" name="com.durgasoft.selenium_maven_TestNG.ReadDataExcalByColumnName" time="1.172" errors="0" timestamp="2022-11-24T12:26:50 IST" skipped="0">
  <testcase classname="com.durgasoft.selenium_maven_TestNG.ReadDataExcalByColumnName" name="ReadColumnNAme" time="1.172"/>
  <system-out/>
</testsuite> <!-- com.durgasoft.selenium_maven_TestNG.ReadDataExcalByColumnName -->
