<?xml version="1.0" encoding="UTF-8"?>
<!-- Generated by org.testng.reporters.JUnitReportReporter -->
<testsuite hostname="Sumit" failures="0" tests="1" name="com.durgasoft.selenium_maven_TestNG.Javascripexecution" time="0.014" errors="0" timestamp="2022-11-18T12:41:16 IST" skipped="0">
  <testcase classname="com.durgasoft.selenium_maven_TestNG.Javascripexecution" name="f" time="0.014"/>
  <system-out/>
</testsuite> <!-- com.durgasoft.selenium_maven_TestNG.Javascripexecution -->
