<?xml version="1.0" encoding="UTF-8"?>
<!-- Generated by org.testng.reporters.JUnitReportReporter -->
<testsuite hostname="Sumit" failures="0" tests="1" name="com.durgasoft.selenium_maven_TestNG.ActionClass" time="6.823" errors="0" timestamp="2022-11-19T14:26:14 IST" skipped="0">
  <testcase classname="com.durgasoft.selenium_maven_TestNG.ActionClass" name="f" time="6.823"/>
  <system-out/>
</testsuite> <!-- com.durgasoft.selenium_maven_TestNG.ActionClass -->
