<?xml version="1.0" encoding="UTF-8"?>
<!-- Generated by org.testng.reporters.JUnitReportReporter -->
<testsuite hostname="Sumit" failures="0" tests="3" name="com.durgasoft.selenium_maven_TestNG.ScreenShot" time="1.199" errors="0" timestamp="2022-11-17T12:07:36 IST" skipped="2">
  <testcase classname="com.durgasoft.selenium_maven_TestNG.ScreenShot" name="ScreenData" time="1.199"/>
  <system-out/>
  <testcase classname="com.durgasoft.selenium_maven_TestNG.ScreenShot" name="Screen">
    <skipped/>
  </testcase> <!-- Screen -->
  <system-out/>
  <testcase classname="com.durgasoft.selenium_maven_TestNG.ScreenShot" name="Screen_1">
    <skipped/>
  </testcase> <!-- Screen_1 -->
  <system-out/>
</testsuite> <!-- com.durgasoft.selenium_maven_TestNG.ScreenShot -->
