<?xml version="1.0" encoding="UTF-8"?>
<!-- Generated by org.testng.reporters.JUnitReportReporter -->
<testsuite hostname="Sumit" failures="0" tests="1" name="com.durgasoft.selenium_maven_TestNG.Javascripexecutor" time="5.196" errors="0" timestamp="2022-11-18T12:57:09 IST" skipped="0">
  <testcase classname="com.durgasoft.selenium_maven_TestNG.Javascripexecutor" name="java" time="5.196"/>
  <system-out/>
</testsuite> <!-- com.durgasoft.selenium_maven_TestNG.Javascripexecutor -->
