<?xml version="1.0" encoding="UTF-8"?>
<!-- Generated by org.testng.reporters.JUnitReportReporter -->
<testsuite hostname="Sumit" failures="0" tests="1" name="com.durgasoft.selenium_maven_TestNG.ReadDataExcelFile" time="1.138" errors="0" timestamp="2022-11-22T10:32:12 IST" skipped="0">
  <testcase classname="com.durgasoft.selenium_maven_TestNG.ReadDataExcelFile" name="f" time="1.138"/>
  <system-out/>
</testsuite> <!-- com.durgasoft.selenium_maven_TestNG.ReadDataExcelFile -->
