<?xml version="1.0" encoding="UTF-8"?>
<!-- Generated by org.testng.reporters.JUnitReportReporter -->
<testsuite hostname="Sumit" failures="0" tests="1" name="com.durgasoft.selenium_maven_TestNG.AxisBank" time="38.363" errors="0" timestamp="2022-11-19T13:14:10 IST" skipped="0">
  <testcase classname="com.durgasoft.selenium_maven_TestNG.AxisBank" name="f" time="38.363"/>
  <system-out/>
</testsuite> <!-- com.durgasoft.selenium_maven_TestNG.AxisBank -->
