<?xml version="1.0" encoding="UTF-8"?>
<!-- Generated by org.testng.reporters.JUnitReportReporter -->
<testsuite hostname="Sumit" failures="0" tests="1" name="com.durgasoft.selenium_maven_TestNG.BBC2" time="50.106" errors="0" timestamp="2022-11-14T09:43:18 IST" skipped="0">
  <testcase classname="com.durgasoft.selenium_maven_TestNG.BBC2" name="MoreAround" time="50.106"/>
  <system-out/>
</testsuite> <!-- com.durgasoft.selenium_maven_TestNG.BBC2 -->
