<?xml version="1.0" encoding="UTF-8"?>
<!-- Generated by org.testng.reporters.JUnitReportReporter -->
<testsuite hostname="Sumit" failures="0" tests="2" name="com.durgasoft.selenium_maven_TestNG.BBC" time="33.578" errors="0" timestamp="2022-11-12T13:15:11 IST" skipped="0">
  <testcase classname="com.durgasoft.selenium_maven_TestNG.BBC" name="link" time="31.050"/>
  <system-out/>
  <testcase classname="com.durgasoft.selenium_maven_TestNG.BBC" name="close" time="2.528"/>
  <system-out/>
</testsuite> <!-- com.durgasoft.selenium_maven_TestNG.BBC -->
