<?xml version="1.0" encoding="UTF-8"?>
<!-- Generated by org.testng.reporters.JUnitReportReporter -->
<testsuite hostname="Sumit" failures="0" tests="1" name="com.durgasoft.selenium_maven_TestNG.ReadAlldataExcelFile" time="1.130" errors="0" timestamp="2022-11-24T12:31:55 IST" skipped="0">
  <testcase classname="com.durgasoft.selenium_maven_TestNG.ReadAlldataExcelFile" name="ReadAllData" time="1.130"/>
  <system-out/>
</testsuite> <!-- com.durgasoft.selenium_maven_TestNG.ReadAlldataExcelFile -->
